[2014-11-04 15:30:58] request.INFO: Matched route "oc_platform_home" (parameters: "_controller": "OC\PlatformBundle\Controller\AdvertController::indexAction", "page": "0", "_route": "oc_platform_home") [] []
[2014-11-04 15:30:58] request.ERROR: Uncaught PHP Exception Symfony\Component\HttpKernel\Exception\NotFoundHttpException: "Page "0" inexistante." at C:\xampp\htdocs\Symfony\src\OC\PlatformBundle\Controller\AdvertController.php line 20 {"exception":"[object] (Symfony\\Component\\HttpKernel\\Exception\\NotFoundHttpException: Page \"0\" inexistante. at C:\\xampp\\htdocs\\Symfony\\src\\OC\\PlatformBundle\\Controller\\AdvertController.php:20)"} []
[2014-11-04 15:31:13] request.INFO: Matched route "oc_platform_home" (parameters: "_controller": "OC\PlatformBundle\Controller\AdvertController::indexAction", "page": "0", "_route": "oc_platform_home") [] []
[2014-11-04 15:31:13] request.ERROR: Uncaught PHP Exception Symfony\Component\HttpKernel\Exception\NotFoundHttpException: "Page "0" inexistante." at C:\xampp\htdocs\Symfony\src\OC\PlatformBundle\Controller\AdvertController.php line 20 {"exception":"[object] (Symfony\\Component\\HttpKernel\\Exception\\NotFoundHttpException: Page \"0\" inexistante. at C:\\xampp\\htdocs\\Symfony\\src\\OC\\PlatformBundle\\Controller\\AdvertController.php:20)"} []
[2014-12-05 14:51:55] request.ERROR: Uncaught PHP Exception Symfony\Component\HttpKernel\Exception\NotFoundHttpException: "No route found for "GET /technician/list/6"" at C:\xampp\htdocs\Symfony\app\cache\prod\classes.php line 1980 {"exception":"[object] (Symfony\\Component\\HttpKernel\\Exception\\NotFoundHttpException: No route found for \"GET /technician/list/6\" at C:\\xampp\\htdocs\\Symfony\\app\\cache\\prod\\classes.php:1980, Symfony\\Component\\Routing\\Exception\\ResourceNotFoundException:  at C:\\xampp\\htdocs\\Symfony\\app\\cache\\prod\\appProdUrlMatcher.php:58)"} []
[2014-12-05 14:52:08] request.ERROR: Uncaught PHP Exception Symfony\Component\HttpKernel\Exception\NotFoundHttpException: "No route found for "GET /technician/list/all"" at C:\xampp\htdocs\Symfony\app\cache\prod\classes.php line 1980 {"exception":"[object] (Symfony\\Component\\HttpKernel\\Exception\\NotFoundHttpException: No route found for \"GET /technician/list/all\" at C:\\xampp\\htdocs\\Symfony\\app\\cache\\prod\\classes.php:1980, Symfony\\Component\\Routing\\Exception\\ResourceNotFoundException:  at C:\\xampp\\htdocs\\Symfony\\app\\cache\\prod\\appProdUrlMatcher.php:58)"} []
[2014-12-05 14:52:48] request.ERROR: Uncaught PHP Exception Symfony\Component\HttpKernel\Exception\NotFoundHttpException: "No route found for "GET /technician/list/all"" at C:\xampp\htdocs\Symfony\app\cache\prod\classes.php line 1980 {"exception":"[object] (Symfony\\Component\\HttpKernel\\Exception\\NotFoundHttpException: No route found for \"GET /technician/list/all\" at C:\\xampp\\htdocs\\Symfony\\app\\cache\\prod\\classes.php:1980, Symfony\\Component\\Routing\\Exception\\ResourceNotFoundException:  at C:\\xampp\\htdocs\\Symfony\\app\\cache\\prod\\appProdUrlMatcher.php:58)"} []
[2014-12-05 14:53:02] request.ERROR: Uncaught PHP Exception Symfony\Component\HttpKernel\Exception\NotFoundHttpException: "No route found for "GET /technician/list/6"" at C:\xampp\htdocs\Symfony\app\cache\prod\classes.php line 1980 {"exception":"[object] (Symfony\\Component\\HttpKernel\\Exception\\NotFoundHttpException: No route found for \"GET /technician/list/6\" at C:\\xampp\\htdocs\\Symfony\\app\\cache\\prod\\classes.php:1980, Symfony\\Component\\Routing\\Exception\\ResourceNotFoundException:  at C:\\xampp\\htdocs\\Symfony\\app\\cache\\prod\\appProdUrlMatcher.php:58)"} []
[2014-12-05 14:53:13] request.ERROR: Uncaught PHP Exception Symfony\Component\HttpKernel\Exception\NotFoundHttpException: "No route found for "GET /technician/list/all"" at C:\xampp\htdocs\Symfony\app\cache\prod\classes.php line 1980 {"exception":"[object] (Symfony\\Component\\HttpKernel\\Exception\\NotFoundHttpException: No route found for \"GET /technician/list/all\" at C:\\xampp\\htdocs\\Symfony\\app\\cache\\prod\\classes.php:1980, Symfony\\Component\\Routing\\Exception\\ResourceNotFoundException:  at C:\\xampp\\htdocs\\Symfony\\app\\cache\\prod\\appProdUrlMatcher.php:58)"} []
[2014-12-05 14:56:27] request.INFO: Matched route "ficep_planning_listTechnician" (parameters: "_controller": "Ficep\PlanningBundle\Controller\TechnicianController::listAction", "id": "6", "_route": "ficep_planning_listTechnician") [] []
[2014-12-05 14:56:27] event.DEBUG: Notified event "kernel.request" to listener "Symfony\Component\HttpKernel\EventListener\ErrorsLoggerListener::injectLogger". [] []
[2014-12-05 14:56:27] event.DEBUG: Notified event "kernel.request" to listener "Symfony\Component\HttpKernel\EventListener\ErrorsLoggerListener::injectLogger". [] []
[2014-12-05 14:56:27] event.DEBUG: Notified event "kernel.request" to listener "Symfony\Component\HttpKernel\EventListener\ErrorsLoggerListener::injectLogger". [] []
[2014-12-05 14:56:27] event.DEBUG: Notified event "kernel.request" to listener "Symfony\Component\HttpKernel\EventListener\DebugHandlersListener::configure". [] []
[2014-12-05 14:56:27] event.DEBUG: Notified event "kernel.request" to listener "Symfony\Bundle\FrameworkBundle\EventListener\SessionListener::onKernelRequest". [] []
[2014-12-05 14:56:27] event.DEBUG: Notified event "kernel.request" to listener "Symfony\Component\HttpKernel\EventListener\FragmentListener::onKernelRequest". [] []
[2014-12-05 14:56:27] event.DEBUG: Notified event "kernel.request" to listener "Symfony\Component\HttpKernel\EventListener\RouterListener::onKernelRequest". [] []
[2014-12-05 14:56:27] event.DEBUG: Notified event "kernel.request" to listener "Symfony\Component\HttpKernel\EventListener\LocaleListener::onKernelRequest". [] []
[2014-12-05 14:56:27] event.DEBUG: Notified event "kernel.request" to listener "Symfony\Component\Security\Http\Firewall::onKernelRequest". [] []
[2014-12-05 14:56:27] event.DEBUG: Notified event "kernel.controller" to listener "Sensio\Bundle\FrameworkExtraBundle\EventListener\ControllerListener::onKernelController". [] []
[2014-12-05 14:56:27] event.DEBUG: Notified event "kernel.controller" to listener "Sensio\Bundle\FrameworkExtraBundle\EventListener\ParamConverterListener::onKernelController". [] []
[2014-12-05 14:56:27] event.DEBUG: Notified event "kernel.controller" to listener "Sensio\Bundle\FrameworkExtraBundle\EventListener\HttpCacheListener::onKernelController". [] []
[2014-12-05 14:56:27] event.DEBUG: Notified event "kernel.controller" to listener "Sensio\Bundle\FrameworkExtraBundle\EventListener\SecurityListener::onKernelController". [] []
[2014-12-05 14:56:27] event.DEBUG: Notified event "kernel.controller" to listener "Sensio\Bundle\FrameworkExtraBundle\EventListener\TemplateListener::onKernelController". [] []
[2014-12-05 14:56:28] doctrine.DEBUG: SELECT t0.id AS id1, t0.name AS name2, t0.firstname AS firstname3, t0.email AS email4 FROM Technician t0 WHERE t0.id = ? ["6"] []
[2014-12-05 14:56:28] request.ERROR: Uncaught PHP Exception Symfony\Component\HttpKernel\Exception\NotFoundHttpException: "Ce technicien n'existe pas" at C:\xampp\htdocs\Symfony\vendor\symfony\symfony\src\Symfony\Bundle\FrameworkBundle\Controller\Controller.php line 150 {"exception":"[object] (Symfony\\Component\\HttpKernel\\Exception\\NotFoundHttpException: Ce technicien n'existe pas at C:\\xampp\\htdocs\\Symfony\\vendor\\symfony\\symfony\\src\\Symfony\\Bundle\\FrameworkBundle\\Controller\\Controller.php:150)"} []
[2014-12-05 14:56:28] event.DEBUG: Notified event "kernel.request" to listener "Symfony\Component\HttpKernel\EventListener\ErrorsLoggerListener::injectLogger". [] []
[2014-12-05 14:56:28] event.DEBUG: Notified event "kernel.request" to listener "Symfony\Component\HttpKernel\EventListener\ErrorsLoggerListener::injectLogger". [] []
[2014-12-05 14:56:28] event.DEBUG: Notified event "kernel.request" to listener "Symfony\Component\HttpKernel\EventListener\ErrorsLoggerListener::injectLogger". [] []
[2014-12-05 14:56:28] event.DEBUG: Notified event "kernel.request" to listener "Symfony\Component\HttpKernel\EventListener\DebugHandlersListener::configure". [] []
[2014-12-05 14:56:28] event.DEBUG: Notified event "kernel.request" to listener "Symfony\Bundle\FrameworkBundle\EventListener\SessionListener::onKernelRequest". [] []
[2014-12-05 14:56:28] event.DEBUG: Notified event "kernel.request" to listener "Symfony\Component\HttpKernel\EventListener\FragmentListener::onKernelRequest". [] []
[2014-12-05 14:56:28] event.DEBUG: Notified event "kernel.request" to listener "Symfony\Component\HttpKernel\EventListener\RouterListener::onKernelRequest". [] []
[2014-12-05 14:56:28] event.DEBUG: Notified event "kernel.request" to listener "Symfony\Component\HttpKernel\EventListener\LocaleListener::onKernelRequest". [] []
[2014-12-05 14:56:28] event.DEBUG: Notified event "kernel.request" to listener "Symfony\Component\Security\Http\Firewall::onKernelRequest". [] []
[2014-12-05 14:56:28] event.DEBUG: Notified event "kernel.controller" to listener "Sensio\Bundle\FrameworkExtraBundle\EventListener\ControllerListener::onKernelController". [] []
[2014-12-05 14:56:28] event.DEBUG: Notified event "kernel.controller" to listener "Sensio\Bundle\FrameworkExtraBundle\EventListener\ParamConverterListener::onKernelController". [] []
[2014-12-05 14:56:28] event.DEBUG: Notified event "kernel.controller" to listener "Sensio\Bundle\FrameworkExtraBundle\EventListener\HttpCacheListener::onKernelController". [] []
[2014-12-05 14:56:28] event.DEBUG: Notified event "kernel.controller" to listener "Sensio\Bundle\FrameworkExtraBundle\EventListener\SecurityListener::onKernelController". [] []
[2014-12-05 14:56:28] event.DEBUG: Notified event "kernel.controller" to listener "Sensio\Bundle\FrameworkExtraBundle\EventListener\TemplateListener::onKernelController". [] []
[2014-12-05 14:56:30] event.DEBUG: Notified event "kernel.response" to listener "Symfony\Component\HttpKernel\EventListener\ResponseListener::onKernelResponse". [] []
[2014-12-05 14:56:30] event.DEBUG: Notified event "kernel.response" to listener "Symfony\Component\Security\Http\RememberMe\ResponseListener::onKernelResponse". [] []
[2014-12-05 14:56:30] event.DEBUG: Notified event "kernel.response" to listener "Sensio\Bundle\FrameworkExtraBundle\EventListener\HttpCacheListener::onKernelResponse". [] []
[2014-12-05 14:56:30] event.DEBUG: Notified event "kernel.response" to listener "Symfony\Component\HttpKernel\EventListener\StreamedResponseListener::onKernelResponse". [] []
[2014-12-05 14:56:30] event.DEBUG: Notified event "kernel.finish_request" to listener "Symfony\Component\HttpKernel\EventListener\LocaleListener::onKernelFinishRequest". [] []
[2014-12-05 14:56:30] event.DEBUG: Notified event "kernel.finish_request" to listener "Symfony\Component\HttpKernel\EventListener\RouterListener::onKernelFinishRequest". [] []
[2014-12-05 14:56:30] event.DEBUG: Notified event "kernel.finish_request" to listener "Symfony\Component\Security\Http\Firewall::onKernelFinishRequest". [] []
[2014-12-05 14:56:30] event.DEBUG: Notified event "kernel.exception" to listener "Symfony\Component\HttpKernel\EventListener\ExceptionListener::onKernelException". [] []
[2014-12-05 14:56:30] event.DEBUG: Listener "Symfony\Component\HttpKernel\EventListener\ExceptionListener::onKernelException" stopped propagation of the event "kernel.exception". [] []
[2014-12-05 14:56:30] event.DEBUG: Notified event "kernel.response" to listener "Symfony\Component\HttpKernel\EventListener\ResponseListener::onKernelResponse". [] []
[2014-12-05 14:56:30] event.DEBUG: Notified event "kernel.response" to listener "Symfony\Component\Security\Http\RememberMe\ResponseListener::onKernelResponse". [] []
[2014-12-05 14:56:30] event.DEBUG: Notified event "kernel.response" to listener "Sensio\Bundle\FrameworkExtraBundle\EventListener\HttpCacheListener::onKernelResponse". [] []
[2014-12-05 14:56:30] event.DEBUG: Notified event "kernel.response" to listener "Symfony\Component\HttpKernel\EventListener\StreamedResponseListener::onKernelResponse". [] []
[2014-12-05 14:56:30] event.DEBUG: Notified event "kernel.finish_request" to listener "Symfony\Component\HttpKernel\EventListener\LocaleListener::onKernelFinishRequest". [] []
[2014-12-05 14:56:30] event.DEBUG: Notified event "kernel.finish_request" to listener "Symfony\Component\HttpKernel\EventListener\RouterListener::onKernelFinishRequest". [] []
[2014-12-05 14:56:30] event.DEBUG: Notified event "kernel.finish_request" to listener "Symfony\Component\Security\Http\Firewall::onKernelFinishRequest". [] []
[2014-12-05 14:56:30] event.DEBUG: Notified event "kernel.terminate" to listener "Symfony\Bundle\SwiftmailerBundle\EventListener\EmailSenderListener::onTerminate". [] []
[2014-12-05 14:56:53] request.INFO: Matched route "ficep_planning_listTechnician" (parameters: "_controller": "Ficep\PlanningBundle\Controller\TechnicianController::listAction", "id": "2", "_route": "ficep_planning_listTechnician") [] []
[2014-12-05 14:56:53] request.CRITICAL: Uncaught PHP Exception Doctrine\ORM\ORMException: "Unknown Entity namespace alias 'FicepPlanningBundle'." at C:\xampp\htdocs\Symfony\vendor\doctrine\orm\lib\Doctrine\ORM\ORMException.php line 236 {"exception":"[object] (Doctrine\\ORM\\ORMException: Unknown Entity namespace alias 'FicepPlanningBundle'. at C:\\xampp\\htdocs\\Symfony\\vendor\\doctrine\\orm\\lib\\Doctrine\\ORM\\ORMException.php:236)"} []
[2014-12-05 14:57:03] request.INFO: Matched route "ficep_planning_listTechnician" (parameters: "_controller": "Ficep\PlanningBundle\Controller\TechnicianController::listAction", "id": "2", "_route": "ficep_planning_listTechnician") [] []
[2014-12-05 14:57:04] request.CRITICAL: Uncaught PHP Exception Doctrine\ORM\ORMException: "Unknown Entity namespace alias 'FicepPlanningBundle'." at C:\xampp\htdocs\Symfony\vendor\doctrine\orm\lib\Doctrine\ORM\ORMException.php line 236 {"exception":"[object] (Doctrine\\ORM\\ORMException: Unknown Entity namespace alias 'FicepPlanningBundle'. at C:\\xampp\\htdocs\\Symfony\\vendor\\doctrine\\orm\\lib\\Doctrine\\ORM\\ORMException.php:236)"} []
[2014-12-05 14:57:46] request.INFO: Matched route "ficep_planning_listTechnician" (parameters: "_controller": "Ficep\PlanningBundle\Controller\TechnicianController::listAction", "id": "all", "_route": "ficep_planning_listTechnician") [] []
[2014-12-05 14:57:46] request.CRITICAL: Uncaught PHP Exception Doctrine\ORM\ORMException: "Unknown Entity namespace alias 'FicepPlanningBundle'." at C:\xampp\htdocs\Symfony\vendor\doctrine\orm\lib\Doctrine\ORM\ORMException.php line 236 {"exception":"[object] (Doctrine\\ORM\\ORMException: Unknown Entity namespace alias 'FicepPlanningBundle'. at C:\\xampp\\htdocs\\Symfony\\vendor\\doctrine\\orm\\lib\\Doctrine\\ORM\\ORMException.php:236)"} []
[2014-12-05 15:07:55] request.INFO: Matched route "ficep_planning_listTechnician" (parameters: "_controller": "Ficep\PlanningBundle\Controller\TechnicianController::listAction", "id": "6", "_route": "ficep_planning_listTechnician") [] []
[2014-12-05 15:07:56] request.ERROR: Uncaught PHP Exception Symfony\Component\HttpKernel\Exception\NotFoundHttpException: "Ce technicien n'existe pas" at C:\xampp\htdocs\Symfony\vendor\symfony\symfony\src\Symfony\Bundle\FrameworkBundle\Controller\Controller.php line 150 {"exception":"[object] (Symfony\\Component\\HttpKernel\\Exception\\NotFoundHttpException: Ce technicien n'existe pas at C:\\xampp\\htdocs\\Symfony\\vendor\\symfony\\symfony\\src\\Symfony\\Bundle\\FrameworkBundle\\Controller\\Controller.php:150)"} []
[2014-12-05 15:51:56] request.INFO: Matched route "ficep_planning_listTechnician" (parameters: "_controller": "Ficep\PlanningBundle\Controller\TechnicianController::listAction", "id": "6", "_route": "ficep_planning_listTechnician") [] []
[2014-12-05 15:51:57] request.ERROR: Uncaught PHP Exception Symfony\Component\HttpKernel\Exception\NotFoundHttpException: "Ce technicien n'existe pas" at C:\xampp\htdocs\Symfony\vendor\symfony\symfony\src\Symfony\Bundle\FrameworkBundle\Controller\Controller.php line 150 {"exception":"[object] (Symfony\\Component\\HttpKernel\\Exception\\NotFoundHttpException: Ce technicien n'existe pas at C:\\xampp\\htdocs\\Symfony\\vendor\\symfony\\symfony\\src\\Symfony\\Bundle\\FrameworkBundle\\Controller\\Controller.php:150)"} []
[2014-12-15 15:06:24] request.INFO: Matched route "ficep_planning_listTechnician" (parameters: "_controller": "Ficep\PlanningBundle\Controller\TechnicianController::listAction", "id": "all", "_route": "ficep_planning_listTechnician") [] []
[2014-12-15 15:06:24] request.CRITICAL: Uncaught PHP Exception RuntimeException: "Controller "Ficep\PlanningBundle\Controller\TechnicianController::listAction()" requires that you provide a value for the "$page" argument (because there is no default value or because there is a non optional argument after this one)." at C:\xampp\htdocs\Symfony\app\cache\prod\classes.php line 2084 {"exception":"[object] (RuntimeException: Controller \"Ficep\\PlanningBundle\\Controller\\TechnicianController::listAction()\" requires that you provide a value for the \"$page\" argument (because there is no default value or because there is a non optional argument after this one). at C:\\xampp\\htdocs\\Symfony\\app\\cache\\prod\\classes.php:2084)"} []
[2014-12-15 15:10:06] request.INFO: Matched route "ficep_planning_listTechnician" (parameters: "_controller": "Ficep\PlanningBundle\Controller\TechnicianController::listAction", "id": "all", "page": "2", "_route": "ficep_planning_listTechnician") [] []
[2014-12-15 15:10:06] request.ERROR: Uncaught PHP Exception Symfony\Component\HttpKernel\Exception\NotFoundHttpException: "Cette page n existe pas" at C:\xampp\htdocs\Symfony\vendor\symfony\symfony\src\Symfony\Bundle\FrameworkBundle\Controller\Controller.php line 150 {"exception":"[object] (Symfony\\Component\\HttpKernel\\Exception\\NotFoundHttpException: Cette page n existe pas at C:\\xampp\\htdocs\\Symfony\\vendor\\symfony\\symfony\\src\\Symfony\\Bundle\\FrameworkBundle\\Controller\\Controller.php:150)"} []
[2014-12-15 15:10:30] request.ERROR: Uncaught PHP Exception Symfony\Component\HttpKernel\Exception\NotFoundHttpException: "No route found for "GET /technician/list/all/"" at C:\xampp\htdocs\Symfony\app\cache\prod\classes.php line 1980 {"exception":"[object] (Symfony\\Component\\HttpKernel\\Exception\\NotFoundHttpException: No route found for \"GET /technician/list/all/\" at C:\\xampp\\htdocs\\Symfony\\app\\cache\\prod\\classes.php:1980, Symfony\\Component\\Routing\\Exception\\ResourceNotFoundException:  at C:\\xampp\\htdocs\\Symfony\\app\\cache\\prod\\appProdUrlMatcher.php:86)"} []
